proguard/seeds.txt
com.bytopia.oboobs.BoobsActivity
com.bytopia.oboobs.DownloadService
com.bytopia.oboobs.OboobsApp
com.bytopia.oboobs.OboobsMaintActivity
com.bytopia.oboobs.R$attr: int absForceOverflow
com.bytopia.oboobs.R$attr: int actionBarDivider
com.bytopia.oboobs.R$attr: int actionBarItemBackground
com.bytopia.oboobs.R$attr: int actionBarSize
com.bytopia.oboobs.R$attr: int actionBarSplitStyle
com.bytopia.oboobs.R$attr: int actionBarStyle
com.bytopia.oboobs.R$attr: int actionBarTabBarStyle
com.bytopia.oboobs.R$attr: int actionBarTabStyle
com.bytopia.oboobs.R$attr: int actionBarTabTextStyle
com.bytopia.oboobs.R$attr: int actionBarWidgetTheme
com.bytopia.oboobs.R$attr: int actionButtonStyle
com.bytopia.oboobs.R$attr: int actionDropDownStyle
com.bytopia.oboobs.R$attr: int actionMenuTextAppearance
com.bytopia.oboobs.R$attr: int actionMenuTextColor
com.bytopia.oboobs.R$attr: int actionModeBackground
com.bytopia.oboobs.R$attr: int actionModeCloseButtonStyle
com.bytopia.oboobs.R$attr: int actionModeCloseDrawable
com.bytopia.oboobs.R$attr: int actionModePopupWindowStyle
com.bytopia.oboobs.R$attr: int actionModeShareDrawable
com.bytopia.oboobs.R$attr: int actionModeSplitBackground
com.bytopia.oboobs.R$attr: int actionModeStyle
com.bytopia.oboobs.R$attr: int actionOverflowButtonStyle
com.bytopia.oboobs.R$attr: int actionSpinnerItemStyle
com.bytopia.oboobs.R$attr: int activatedBackgroundIndicator
com.bytopia.oboobs.R$attr: int activityChooserViewStyle
com.bytopia.oboobs.R$attr: int background
com.bytopia.oboobs.R$attr: int backgroundSplit
com.bytopia.oboobs.R$attr: int backgroundStacked
com.bytopia.oboobs.R$bool: int abs__action_bar_embed_tabs
com.bytopia.oboobs.R$bool: int abs__action_bar_expanded_action_views_exclusive
com.bytopia.oboobs.R$bool: int abs__config_actionMenuItemAllCaps
com.bytopia.oboobs.R$bool: int abs__config_allowActionMenuItemTextWithIcon
com.bytopia.oboobs.R$bool: int abs__config_showMenuShortcutsWhenKeyboardPresent
com.bytopia.oboobs.R$bool: int abs__split_action_bar_is_narrow
com.bytopia.oboobs.R$color: int abs__background_holo_dark
com.bytopia.oboobs.R$color: int abs__background_holo_light
com.bytopia.oboobs.R$color: int abs__bright_foreground_disabled_holo_dark
com.bytopia.oboobs.R$color: int abs__bright_foreground_disabled_holo_light
com.bytopia.oboobs.R$color: int abs__bright_foreground_holo_dark
com.bytopia.oboobs.R$color: int abs__bright_foreground_holo_light
com.bytopia.oboobs.R$color: int abs__bright_foreground_inverse_holo_dark
com.bytopia.oboobs.R$color: int abs__bright_foreground_inverse_holo_light
com.bytopia.oboobs.R$color: int abs__holo_blue_light
com.bytopia.oboobs.R$color: int abs__primary_text_disable_only_holo_dark
com.bytopia.oboobs.R$color: int abs__primary_text_disable_only_holo_light
com.bytopia.oboobs.R$color: int abs__primary_text_holo_dark
com.bytopia.oboobs.R$color: int abs__primary_text_holo_light
com.bytopia.oboobs.R$dimen: int abs__action_bar_default_height
com.bytopia.oboobs.R$dimen: int abs__action_bar_icon_vertical_padding
com.bytopia.oboobs.R$dimen: int abs__action_bar_subtitle_bottom_margin
com.bytopia.oboobs.R$dimen: int abs__action_bar_subtitle_text_size
com.bytopia.oboobs.R$dimen: int abs__action_bar_subtitle_top_margin
com.bytopia.oboobs.R$dimen: int abs__action_bar_title_text_size
com.bytopia.oboobs.R$dimen: int abs__action_button_min_width
com.bytopia.oboobs.R$dimen: int abs__alert_dialog_title_height
com.bytopia.oboobs.R$dimen: int abs__config_prefDialogWidth
com.bytopia.oboobs.R$dimen: int abs__dialog_min_width_major
com.bytopia.oboobs.R$dimen: int abs__dialog_min_width_minor
com.bytopia.oboobs.R$dimen: int action_button_min_width
com.bytopia.oboobs.R$dimen: int list_padding
...
com.actionbarsherlock.internal.nineoldandroids.animation.FloatEvaluator
com.actionbarsherlock.internal.nineoldandroids.animation.FloatEvaluator: FloatEvaluator()
com.actionbarsherlock.internal.nineoldandroids.animation.FloatEvaluator: java.lang.Float evaluate(float,java.lang.Number,java.lang.Number)
com.actionbarsherlock.internal.nineoldandroids.animation.FloatEvaluator: java.lang.Object evaluate(float,java.lang.Object,java.lang.Object)
com.actionbarsherlock.internal.nineoldandroids.animation.FloatKeyframeSet
com.actionbarsherlock.internal.nineoldandroids.animation.FloatKeyframeSet: float firstValue
com.actionbarsherlock.internal.nineoldandroids.animation.FloatKeyframeSet: float lastValue
com.actionbarsherlock.internal.nineoldandroids.animation.FloatKeyframeSet: float deltaValue
com.actionbarsherlock.internal.nineoldandroids.animation.FloatKeyframeSet: boolean firstTime
com.actionbarsherlock.internal.nineoldandroids.animation.FloatKeyframeSet: FloatKeyframeSet(com.actionbarsherlock.internal.nineoldandroids.animation.Keyframe$FloatKeyframe[])
com.actionbarsherlock.internal.nineoldandroids.animation.FloatKeyframeSet: java.lang.Object getValue(float)
com.actionbarsherlock.internal.nineoldandroids.animation.FloatKeyframeSet: com.actionbarsherlock.internal.nineoldandroids.animation.FloatKeyframeSet clone()
com.actionbarsherlock.internal.nineoldandroids.animation.FloatKeyframeSet: float getFloatValue(float)
com.actionbarsherlock.internal.nineoldandroids.animation.FloatKeyframeSet: com.actionbarsherlock.internal.nineoldandroids.animation.KeyframeSet clone()
com.actionbarsherlock.internal.nineoldandroids.animation.IntEvaluator
com.actionbarsherlock.internal.nineoldandroids.animation.IntEvaluator: IntEvaluator()
com.actionbarsherlock.internal.nineoldandroids.animation.IntEvaluator: java.lang.Integer evaluate(float,java.lang.Integer,java.lang.Integer)
com.actionbarsherlock.internal.nineoldandroids.animation.IntEvaluator: java.lang.Object evaluate(float,java.lang.Object,java.lang.Object)
com.actionbarsherlock.internal.nineoldandroids.animation.IntKeyframeSet
com.actionbarsherlock.internal.nineoldandroids.animation.IntKeyframeSet: int firstValue
com.actionbarsherlock.internal.nineoldandroids.animation.IntKeyframeSet: int lastValue
com.actionbarsherlock.internal.nineoldandroids.animation.IntKeyframeSet: int deltaValue
com.actionbarsherlock.internal.nineoldandroids.animation.IntKeyframeSet: boolean firstTime
com.actionbarsherlock.internal.nineoldandroids.animation.IntKeyframeSet: IntKeyframeSet(com.actionbarsherlock.internal.nineoldandroids.animation.Keyframe$IntKeyframe[])
com.actionbarsherlock.internal.nineoldandroids.animation.IntKeyframeSet: java.lang.Object getValue(float)
com.actionbarsherlock.internal.nineoldandroids.animation.IntKeyframeSet: com.actionbarsherlock.internal.nineoldandroids.animation.IntKeyframeSet clone()
com.actionbarsherlock.internal.nineoldandroids.animation.IntKeyframeSet: int getIntValue(float)
com.actionbarsherlock.internal.nineoldandroids.animation.IntKeyframeSet: com.actionbarsherlock.internal.nineoldandroids.animation.KeyframeSet clone()