proguard/mapping.txt
com.bytopia.oboobs.BoobsActivity -> com.bytopia.oboobs.BoobsActivity:
    com.bytopia.oboobs.fragments.BoobsFragment boobsFragment -> a
    android.support.v4.app.FragmentManager fragmentManager -> b
    com.actionbarsherlock.app.ActionBar actionBar -> c
    android.graphics.Bitmap imageBitmap -> d
    com.bytopia.oboobs.model.Boobs boobs -> e
    boolean hasModelName -> f
    boolean hasAuthor -> g
    java.util.concurrent.atomic.AtomicBoolean isFavoriteBusy -> h
    boolean isInFavorites -> i
    boolean hasImage -> j
    void onCreate(android.os.Bundle) -> onCreate
    boolean onOptionsItemSelected(com.actionbarsherlock.view.MenuItem) -> onOptionsItemSelected
    void addToFavorites() -> a
    void removeFromFavorites() -> b
    boolean onCreateOptionsMenu(com.actionbarsherlock.view.Menu) -> onCreateOptionsMenu
    boolean onPrepareOptionsMenu(com.actionbarsherlock.view.Menu) -> onPrepareOptionsMenu
    void imageReceived(android.graphics.Bitmap) -> a
com.bytopia.oboobs.BoobsActivity$1 -> com.bytopia.oboobs.a:
    com.bytopia.oboobs.BoobsActivity this$0 -> a
    java.lang.Boolean doInBackground(java.lang.Void[]) -> a
    void onPostExecute(java.lang.Boolean) -> a
    void onPostExecute(java.lang.Object) -> onPostExecute
    java.lang.Object doInBackground(java.lang.Object[]) -> doInBackground
com.bytopia.oboobs.BoobsActivity$2 -> com.bytopia.oboobs.b:
    com.bytopia.oboobs.BoobsActivity this$0 -> a
    java.lang.Boolean doInBackground(java.lang.Void[]) -> a
    void onPostExecute(java.lang.Boolean) -> a
    void onPostExecute(java.lang.Object) -> onPostExecute
    java.lang.Object doInBackground(java.lang.Object[]) -> doInBackground
com.bytopia.oboobs.BoobsFragmentHolder -> com.bytopia.oboobs.c:
    void imageReceived(android.graphics.Bitmap) -> a
com.bytopia.oboobs.BoobsListFragmentHolder -> com.bytopia.oboobs.d:
    void handleErrorWhileLoadingProvider() -> a
com.bytopia.oboobs.DownloadService -> com.bytopia.oboobs.DownloadService:
    com.bytopia.oboobs.OboobsApp app -> a
    com.bytopia.oboobs.utils.CacheHolder cacheHolder -> b
    android.os.Handler resultHandler -> c
    void onCreate() -> onCreate
    void onHandleIntent(android.content.Intent) -> onHandleIntent
    android.graphics.Bitmap getBitmap(com.bytopia.oboobs.model.Boobs,int,int,boolean) -> a
    void requestImage(android.app.Activity,int,com.bytopia.oboobs.model.Boobs,boolean,int,int) -> a
com.bytopia.oboobs.ImageReceiver -> com.bytopia.oboobs.e:
    void receiveImage(int,android.graphics.Bitmap) -> a
    int getSenderType() -> a
com.bytopia.oboobs.OboobsApp -> com.bytopia.oboobs.OboobsApp:
    boolean isDark -> a
    java.lang.String MAX_DISK_CACHE_PREF -> b
    java.lang.String PACKAGE_NAME -> c
    android.content.SharedPreferences preferences -> d
    com.bytopia.oboobs.utils.CacheHolder cacheHolder -> e
    android.os.Handler resultHandler -> f
    com.bytopia.oboobs.ImageReceiver curentReceiver -> g
    com.bytopia.oboobs.db.BoobsDbOpenHelper dbHelper -> h
    void onCreate() -> onCreate
    com.bytopia.oboobs.utils.CacheHolder getCacheHolder() -> a
    android.os.Handler getResultHandler() -> b
    void setCurentReceiver(com.bytopia.oboobs.ImageReceiver) -> a
    com.bytopia.oboobs.ImageReceiver access$0(com.bytopia.oboobs.OboobsApp) -> a
com.bytopia.oboobs.OboobsApp$1 -> com.bytopia.oboobs.f:
    com.bytopia.oboobs.OboobsApp this$0 -> a
    boolean handleMessage(android.os.Message) -> handleMessage
...
com.actionbarsherlock.internal.widget.CapitalizingButton -> com.actionbarsherlock.internal.widget.CapitalizingButton:
    boolean SANS_ICE_CREAM -> SANS_ICE_CREAM
    boolean IS_GINGERBREAD -> IS_GINGERBREAD
    int[] R_styleable_Button -> R_styleable_Button
    int R_styleable_Button_textAllCaps -> R_styleable_Button_textAllCaps
    boolean mAllCaps -> mAllCaps
    void setTextCompat(java.lang.CharSequence) -> setTextCompat
com.actionbarsherlock.internal.widget.CapitalizingTextView -> com.actionbarsherlock.internal.widget.CapitalizingTextView:
    boolean SANS_ICE_CREAM -> SANS_ICE_CREAM
    boolean IS_GINGERBREAD -> IS_GINGERBREAD
    int[] R_styleable_TextView -> R_styleable_TextView
    int R_styleable_TextView_textAllCaps -> R_styleable_TextView_textAllCaps
    boolean mAllCaps -> mAllCaps
    void setTextCompat(java.lang.CharSequence) -> setTextCompat
com.actionbarsherlock.internal.widget.FakeDialogPhoneWindow -> com.actionbarsherlock.internal.widget.FakeDialogPhoneWindow:
    android.util.TypedValue mMinWidthMajor -> mMinWidthMajor
    android.util.TypedValue mMinWidthMinor -> mMinWidthMinor
    void onMeasure(int,int) -> onMeasure
com.actionbarsherlock.internal.widget.IcsAbsSpinner -> com.actionbarsherlock.internal.widget.IcsAbsSpinner:
    boolean IS_HONEYCOMB -> IS_HONEYCOMB
    android.widget.SpinnerAdapter mAdapter -> mAdapter
    int mHeightMeasureSpec -> mHeightMeasureSpec
    int mWidthMeasureSpec -> mWidthMeasureSpec
    boolean mBlockLayoutRequests -> mBlockLayoutRequests
    int mSelectionLeftPadding -> mSelectionLeftPadding
    int mSelectionTopPadding -> mSelectionTopPadding
    int mSelectionRightPadding -> mSelectionRightPadding
    int mSelectionBottomPadding -> mSelectionBottomPadding
    android.graphics.Rect mSpinnerPadding -> mSpinnerPadding
    com.actionbarsherlock.internal.widget.IcsAbsSpinner$RecycleBin mRecycler -> mRecycler
    android.database.DataSetObserver mDataSetObserver -> mDataSetObserver
    android.graphics.Rect mTouchFrame -> mTouchFrame
    void initAbsSpinner() -> initAbsSpinner
    void setAdapter(android.widget.SpinnerAdapter) -> setAdapter
    void resetList() -> resetList
    void onMeasure(int,int) -> onMeasure
    int getChildHeight(android.view.View) -> getChildHeight
    int getChildWidth(android.view.View) -> getChildWidth
    android.view.ViewGroup$LayoutParams generateDefaultLayoutParams() -> generateDefaultLayoutParams
    void recycleAllViews() -> recycleAllViews
    void setSelection(int,boolean) -> setSelection
    void setSelection(int) -> setSelection
    void setSelectionInt(int,boolean) -> setSelectionInt
    void layout(int,boolean) -> layout
com.actionbarsherlock.internal.widget.IcsAbsSpinner$RecycleBin -> com.actionbarsherlock.internal.widget.IcsAbsSpinner$RecycleBin:
    android.util.SparseArray mScrapHeap -> mScrapHeap
    com.actionbarsherlock.internal.widget.IcsAbsSpinner this$0 -> this$0
    void put(int,android.view.View) -> put
    android.view.View get(int) -> get
    void clear() -> clear
com.actionbarsherlock.internal.widget.IcsAbsSpinner$SavedState -> com.actionbarsherlock.internal.widget.IcsAbsSpinner$SavedState:
    long selectedId -> selectedId
    int position -> position
    android.os.Parcelable$Creator CREATOR -> CREATOR
    void writeToParcel(android.os.Parcel,int) -> writeToParcel
    java.lang.String toString() -> toString
com.actionbarsherlock.internal.widget.IcsAbsSpinner$SavedState$1 -> com.actionbarsherlock.internal.widget.IcsAbsSpinner$SavedState$1:
    com.actionbarsherlock.internal.widget.IcsAbsSpinner$SavedState createFromParcel(android.os.Parcel) -> createFromParcel
    com.actionbarsherlock.internal.widget.IcsAbsSpinner$SavedState[] newArray(int) -> newArray
    java.lang.Object createFromParcel(android.os.Parcel) -> createFromParcel
    java.lang.Object[] newArray(int) -> newArray