proguard/usage.txt
com.bytopia.oboobs.BoobsActivity:
    private static final java.lang.String BOOBS_FRAGMENT_TAG
    public static final java.lang.String BOOBS
com.bytopia.oboobs.BuildConfig
com.bytopia.oboobs.DownloadService:
    private static final java.lang.String WIDTH
    private static final java.lang.String HEIGTH
    private static final java.lang.String THREAD_NAME
    private static final java.lang.String TYPE
    private static final java.lang.String PREVIEW
    private static final java.lang.String BOOBS
com.bytopia.oboobs.OboobsApp:
    76:76:public com.bytopia.oboobs.ImageReceiver getCurentReceiver()
    84:84:public com.bytopia.oboobs.db.BoobsDbOpenHelper getDbHelper()
com.bytopia.oboobs.OboobsMaintActivity:
    private static final java.lang.String STATE_TAG
com.bytopia.oboobs.R
com.bytopia.oboobs.R$attr
com.bytopia.oboobs.R$bool
com.bytopia.oboobs.R$color
com.bytopia.oboobs.R$dimen
com.bytopia.oboobs.R$drawable
com.bytopia.oboobs.R$id
com.bytopia.oboobs.R$integer
com.bytopia.oboobs.R$layout
com.bytopia.oboobs.R$menu
com.bytopia.oboobs.R$string
com.bytopia.oboobs.R$style
com.bytopia.oboobs.R$styleable
com.bytopia.oboobs.adapters.BoobsListAdapter:
    99:100:public void update()
com.bytopia.oboobs.db.BoobsDbOpenHelper:
    private static final int version
    private static final java.lang.String DB_NAME
    public static final java.lang.String FAVORITES_TABLE_NAME
    public static final java.lang.String ID
    public static final java.lang.String MODEL
    public static final java.lang.String AUTHOR
    public static final java.lang.String FILE_NAME
    public static final java.lang.String RANK
    public static final java.lang.String PREVIEW
com.bytopia.oboobs.db.DbUtils:
    22:22:public DbUtils()
com.bytopia.oboobs.fragments.BoobsFragment:
    private static final int SENDER_TYPE
com.bytopia.oboobs.fragments.BoobsListFragment:
    private static final int SENDER_TYPE
com.bytopia.oboobs.model.Boobs:
    private static final long serialVersionUID
com.bytopia.oboobs.providers.ImageProvider:
    public static final int ASC
    public static final int DESK
com.bytopia.oboobs.utils.CacheHolder:
    private static final int DEFAULT_DISK_CACHE_SIZE
    152:156:public boolean diskContain(java.lang.Integer)
com.bytopia.oboobs.utils.NetworkUtils:
    21:21:public NetworkUtils()
com.bytopia.oboobs.utils.RequestBuilder:
    private static final java.lang.String SEPARATOR
    private static final java.lang.String DESC_SIGN
    5:5:public RequestBuilder()
    41:41:public static java.lang.String makeModelSearch(java.lang.String)
    51:51:public static java.lang.String makeAuthorSearch(java.lang.String)
com.bytopia.oboobs.utils.Utils:
    private static final java.lang.String FAVORITES
    33:33:public Utils()
com.bytopia.oboobs.utils.Utils$Constants
...
android.annotation.SuppressLint
android.annotation.TargetApi
android.support.v4.accessibilityservice.AccessibilityServiceInfoCompat
android.support.v4.accessibilityservice.AccessibilityServiceInfoCompat$AccessibilityServiceInfoIcsImpl
android.support.v4.accessibilityservice.AccessibilityServiceInfoCompat$AccessibilityServiceInfoStubImpl
android.support.v4.accessibilityservice.AccessibilityServiceInfoCompat$AccessibilityServiceInfoVersionImpl
android.support.v4.accessibilityservice.AccessibilityServiceInfoCompatIcs
android.support.v4.content.AsyncTaskLoader
android.support.v4.content.AsyncTaskLoader$LoadTask
android.support.v4.content.CursorLoader
android.support.v4.content.IntentCompat
android.support.v4.content.Loader:
    android.content.Context mContext
    90:92:public Loader(android.content.Context)
    102:105:public void deliverResult(java.lang.Object)
    111:111:public android.content.Context getContext()
    118:118:public int getId()
    157:157:public boolean isStarted()
    166:166:public boolean isAbandoned()
    175:175:public boolean isReset()
    217:218:public void forceLoad()
    225:225:protected void onForceLoad()
    312:314:public boolean takeContentChanged()
    326:334:public void onContentChanged()
android.support.v4.content.Loader$ForceLoadContentObserver
android.support.v4.content.Loader$OnLoadCompleteListener:
    public abstract void onLoadComplete(android.support.v4.content.Loader,java.lang.Object)
android.support.v4.content.LocalBroadcastManager
android.support.v4.content.LocalBroadcastManager$1
android.support.v4.content.LocalBroadcastManager$BroadcastRecord
android.support.v4.content.LocalBroadcastManager$ReceiverRecord
android.support.v4.content.ModernAsyncTask
android.support.v4.content.ModernAsyncTask$1
android.support.v4.content.ModernAsyncTask$2
android.support.v4.content.ModernAsyncTask$3
android.support.v4.content.ModernAsyncTask$4
android.support.v4.content.ModernAsyncTask$AsyncTaskResult
android.support.v4.content.ModernAsyncTask$InternalHandler
android.support.v4.content.ModernAsyncTask$Status
android.support.v4.content.ModernAsyncTask$WorkerRunnable
android.support.v4.content.pm.ActivityInfoCompat
android.support.v4.database.DatabaseUtilsCompat
android.support.v4.os.ParcelableCompat:
    26:42:public ParcelableCompat()
android.support.v4.os.ParcelableCompatCreatorHoneycombMR2Stub:
    22:22:ParcelableCompatCreatorHoneycombMR2Stub()
android.support.v4.util.DebugUtils:
    25:25:public DebugUtils()
android.support.v4.util.LruCache:
    174:190:public final java.lang.Object remove(java.lang.Object)
    252:253:public final void evictAll()
    270:270:public final synchronized int maxSize()
    277:277:public final synchronized int hitCount()
    285:285:public final synchronized int missCount()
    292:292:public final synchronized int createCount()
    299:299:public final synchronized int putCount()
    306:306:public final synchronized int evictionCount()
    314:314:public final synchronized java.util.Map snapshot()
android.support.v4.util.TimeUtils
android.support.v4.view.AccessibilityDelegateCompat
android.support.v4.view.AccessibilityDelegateCompat$AccessibilityDelegateIcsImpl
android.support.v4.view.AccessibilityDelegateCompat$AccessibilityDelegateIcsImpl$1
android.support.v4.view.AccessibilityDelegateCompat$AccessibilityDelegateImpl
android.support.v4.view.AccessibilityDelegateCompat$AccessibilityDelegateStubImpl
android.support.v4.view.AccessibilityDelegateCompatIcs
android.support.v4.view.AccessibilityDelegateCompatIcs$1
android.support.v4.view.AccessibilityDelegateCompatIcs$AccessibilityDelegateBridge
android.support.v4.view.KeyEventCompat:
    25:95:public KeyEventCompat()
    127:127:public static int normalizeMetaState(int)
    131:131:public static boolean metaStateHasModifiers(int,int)
    135:135:public static boolean metaStateHasNoModifiers(int)